<?xml version="1.0" encoding="UTF-8"?>
<robot generator="Robot 3.1.2 (Python 3.7.3 on win32)" generated="20190713 14:18:58.578" rpa="false">
<suite id="s1" name="TestSuite1" source="E:\eclipse_19\eclipse\workspace\RobotProject1\Test\TestSuite1.robot">
<kw name="Log" library="BuiltIn" type="setup">
<doc>Logs the given message with the given level.</doc>
<arguments>
<arg>I am inside Test Suite Setup</arg>
</arguments>
<msg timestamp="20190713 14:18:58.836" level="INFO">I am inside Test Suite Setup</msg>
<status status="PASS" starttime="20190713 14:18:58.836" endtime="20190713 14:18:58.836"></status>
</kw>
<test id="s1-t1" name="MysecondTest">
<kw name="Log" library="BuiltIn" type="setup">
<doc>Logs the given message with the given level.</doc>
<arguments>
<arg>I am inside Test Setup</arg>
</arguments>
<msg timestamp="20190713 14:18:58.837" level="INFO">I am inside Test Setup</msg>
<status status="PASS" starttime="20190713 14:18:58.837" endtime="20190713 14:18:58.837"></status>
</kw>
<kw name="Log" library="BuiltIn">
<doc>Logs the given message with the given level.</doc>
<arguments>
<arg>2nd</arg>
</arguments>
<msg timestamp="20190713 14:18:58.838" level="INFO">2nd</msg>
<status status="PASS" starttime="20190713 14:18:58.838" endtime="20190713 14:18:58.838"></status>
</kw>
<kw name="Set Tags" library="BuiltIn">
<doc>Adds given ``tags`` for the current test or all tests in a suite.</doc>
<arguments>
<arg>reg</arg>
</arguments>
<msg timestamp="20190713 14:18:58.839" level="INFO">Set tag 'reg'.</msg>
<status status="PASS" starttime="20190713 14:18:58.839" endtime="20190713 14:18:58.839"></status>
</kw>
<kw name="Log" library="BuiltIn" type="teardown">
<doc>Logs the given message with the given level.</doc>
<arguments>
<arg>I am inside Test teardown</arg>
</arguments>
<msg timestamp="20190713 14:18:58.840" level="INFO">I am inside Test teardown</msg>
<status status="PASS" starttime="20190713 14:18:58.840" endtime="20190713 14:18:58.840"></status>
</kw>
<tags>
<tag>reg</tag>
<tag>sanity</tag>
</tags>
<status status="PASS" starttime="20190713 14:18:58.836" endtime="20190713 14:18:58.841" critical="yes"></status>
</test>
<test id="s1-t2" name="MytirdTest">
<kw name="Log" library="BuiltIn" type="setup">
<doc>Logs the given message with the given level.</doc>
<arguments>
<arg>I am inside Test Setup</arg>
</arguments>
<msg timestamp="20190713 14:18:58.843" level="INFO">I am inside Test Setup</msg>
<status status="PASS" starttime="20190713 14:18:58.843" endtime="20190713 14:18:58.843"></status>
</kw>
<kw name="Log" library="BuiltIn">
<doc>Logs the given message with the given level.</doc>
<arguments>
<arg>3rd</arg>
</arguments>
<msg timestamp="20190713 14:18:58.844" level="INFO">3rd</msg>
<status status="PASS" starttime="20190713 14:18:58.844" endtime="20190713 14:18:58.844"></status>
</kw>
<kw name="Log" library="BuiltIn" type="teardown">
<doc>Logs the given message with the given level.</doc>
<arguments>
<arg>I am inside Test teardown</arg>
</arguments>
<msg timestamp="20190713 14:18:58.845" level="INFO">I am inside Test teardown</msg>
<status status="PASS" starttime="20190713 14:18:58.845" endtime="20190713 14:18:58.845"></status>
</kw>
<tags>
<tag>sanity</tag>
</tags>
<status status="PASS" starttime="20190713 14:18:58.842" endtime="20190713 14:18:58.845" critical="yes"></status>
</test>
<test id="s1-t3" name="MyfourthTest">
<kw name="Log" library="BuiltIn" type="setup">
<doc>Logs the given message with the given level.</doc>
<arguments>
<arg>I am inside Test Setup</arg>
</arguments>
<msg timestamp="20190713 14:18:58.848" level="INFO">I am inside Test Setup</msg>
<status status="PASS" starttime="20190713 14:18:58.848" endtime="20190713 14:18:58.848"></status>
</kw>
<kw name="Log" library="BuiltIn">
<doc>Logs the given message with the given level.</doc>
<arguments>
<arg>4th</arg>
</arguments>
<msg timestamp="20190713 14:18:58.849" level="INFO">4th</msg>
<status status="PASS" starttime="20190713 14:18:58.848" endtime="20190713 14:18:58.849"></status>
</kw>
<kw name="Log" library="BuiltIn" type="teardown">
<doc>Logs the given message with the given level.</doc>
<arguments>
<arg>I am inside Test teardown</arg>
</arguments>
<msg timestamp="20190713 14:18:58.849" level="INFO">I am inside Test teardown</msg>
<status status="PASS" starttime="20190713 14:18:58.849" endtime="20190713 14:18:58.850"></status>
</kw>
<tags>
<tag>sanity</tag>
</tags>
<status status="PASS" starttime="20190713 14:18:58.847" endtime="20190713 14:18:58.850" critical="yes"></status>
</test>
<kw name="Log" library="BuiltIn" type="teardown">
<doc>Logs the given message with the given level.</doc>
<arguments>
<arg>I am inside Test Suite Teardown</arg>
</arguments>
<msg timestamp="20190713 14:18:58.852" level="INFO">I am inside Test Suite Teardown</msg>
<status status="PASS" starttime="20190713 14:18:58.852" endtime="20190713 14:18:58.852"></status>
</kw>
<status status="PASS" starttime="20190713 14:18:58.578" endtime="20190713 14:18:58.852"></status>
</suite>
<statistics>
<total>
<stat pass="3" fail="0">Critical Tests</stat>
<stat pass="3" fail="0">All Tests</stat>
</total>
<tag>
<stat pass="1" fail="0">reg</stat>
<stat pass="3" fail="0">sanity</stat>
</tag>
<suite>
<stat pass="3" fail="0" id="s1" name="TestSuite1">TestSuite1</stat>
</suite>
</statistics>
<errors>
</errors>
</robot>
